Configuring in: D:\File_dai_hoc_UIT\Thuc_Tap_FSOFT\INTERN_PROJECT\esp32_to_stm32\main\build\default
cmake -G MinGW Makefiles -DCMAKE_EXPORT_COMPILE_COMMANDS=ON D:\File_dai_hoc_UIT\Thuc_Tap_FSOFT\INTERN_PROJECT\esp32_to_stm32\main
CMake Warning (dev) in CMakeLists.txt:
  No project() command is present.  The top-level CMakeLists.txt file must
  contain a literal, direct call to the project() command.  Add a line of
  code such as

    project(ProjectName)

  near the top of the file, but after cmake_minimum_required().

  CMake is pretending there is a "project(Project)" command on the first
  line.
This warning is for project developers.  Use -Wno-dev to suppress it.

CMake Warning (dev) in CMakeLists.txt:
  cmake_minimum_required() should be called prior to this top-level project()
  call.  Please see the cmake-commands(7) manual for usage documentation of
  both commands.
This warning is for project developers.  Use -Wno-dev to suppress it.

-- The C compiler identification is Clang 18.1.2
-- The CXX compiler identification is Clang 18.1.2
-- Detecting C compiler ABI info
-- Detecting C compiler ABI info - failed
-- Check for working C compiler: D:/Espressif/Espressif/tools/esp-clang/esp-18.1.2_20240912/esp-clang/bin/clang.exe
-- Check for working C compiler: D:/Espressif/Espressif/tools/esp-clang/esp-18.1.2_20240912/esp-clang/bin/clang.exe - broken
CMake Error at D:/Espressif/Espressif/tools/cmake/3.30.2/share/cmake-3.30/Modules/CMakeTestCCompiler.cmake:67 (message):
  The C compiler

    "D:/Espressif/Espressif/tools/esp-clang/esp-18.1.2_20240912/esp-clang/bin/clang.exe"

  is not able to compile a simple test program.

  It fails with the following output:

    Change Dir: 'D:/File_dai_hoc_UIT/Thuc_Tap_FSOFT/INTERN_PROJECT/esp32_to_stm32/main/build/default/CMakeFiles/CMakeScratch/TryCompile-q6qhdh'
    
    Run Build Command(s): D:/Espressif/Espressif/tools/cmake/3.30.2/bin/cmake.exe -E env VERBOSE=1 C:/MinGW/bin/mingw32-make.exe -f Makefile cmTC_439d7/fast
    C:/MinGW/bin/mingw32-make.exe  -f CMakeFiles\cmTC_439d7.dir\build.make CMakeFiles/cmTC_439d7.dir/build
    mingw32-make.exe[1]: Entering directory 'D:/File_dai_hoc_UIT/Thuc_Tap_FSOFT/INTERN_PROJECT/esp32_to_stm32/main/build/default/CMakeFiles/CMakeScratch/TryCompile-q6qhdh'
    Building C object CMakeFiles/cmTC_439d7.dir/testCCompiler.c.obj
    D:\Espressif\Espressif\tools\esp-clang\esp-18.1.2_20240912\esp-clang\bin\clang.exe    -MD -MT CMakeFiles/cmTC_439d7.dir/testCCompiler.c.obj -MF CMakeFiles\cmTC_439d7.dir\testCCompiler.c.obj.d -o CMakeFiles\cmTC_439d7.dir\testCCompiler.c.obj -c D:\File_dai_hoc_UIT\Thuc_Tap_FSOFT\INTERN_PROJECT\esp32_to_stm32\main\build\default\CMakeFiles\CMakeScratch\TryCompile-q6qhdh\testCCompiler.c
    Linking C executable cmTC_439d7.exe
    D:\Espressif\Espressif\tools\cmake\3.30.2\bin\cmake.exe -E cmake_link_script CMakeFiles\cmTC_439d7.dir\link.txt --verbose=1
    D:\Espressif\Espressif\tools\cmake\3.30.2\bin\cmake.exe -E rm -f CMakeFiles\cmTC_439d7.dir/objects.a
    D:\Espressif\Espressif\tools\esp-clang\esp-18.1.2_20240912\esp-clang\bin\llvm-ar.exe qc CMakeFiles\cmTC_439d7.dir/objects.a @CMakeFiles\cmTC_439d7.dir\objects1.rsp
    D:\Espressif\Espressif\tools\esp-clang\esp-18.1.2_20240912\esp-clang\bin\clang.exe -Wl,--whole-archive CMakeFiles\cmTC_439d7.dir/objects.a -Wl,--no-whole-archive -o cmTC_439d7.exe -Wl,--out-implib,libcmTC_439d7.dll.a -Wl,--major-image-version,0,--minor-image-version,0 @CMakeFiles\cmTC_439d7.dir\linkLibs.rsp
    ld.lld: error: unknown argument '--major-image-version'
    ld.lld: error: unknown argument '--minor-image-version'
    ld.lld: error: cannot open 0: No such file or directory
    ld.lld: error: cannot open 0: No such file or directory
    ld.lld: error: unable to find library -lkernel32
    ld.lld: error: unable to find library -luser32
    ld.lld: error: unable to find library -lgdi32
    ld.lld: error: unable to find library -lwinspool
    ld.lld: error: unable to find library -lshell32
    ld.lld: error: unable to find library -lole32
    ld.lld: error: unable to find library -loleaut32
    ld.lld: error: unable to find library -luuid
    ld.lld: error: unable to find library -lcomdlg32
    ld.lld: error: unable to find library -ladvapi32
    clang: error: ld command failed with exit code 1 (use -v to see invocation)
    CMakeFiles\cmTC_439d7.dir\build.make:100: recipe for target 'cmTC_439d7.exe' failed
    mingw32-make.exe[1]: *** [cmTC_439d7.exe] Error 1
    mingw32-make.exe[1]: Leaving directory 'D:/File_dai_hoc_UIT/Thuc_Tap_FSOFT/INTERN_PROJECT/esp32_to_stm32/main/build/default/CMakeFiles/CMakeScratch/TryCompile-q6qhdh'
    Makefile:126: recipe for target 'cmTC_439d7/fast' failed
    mingw32-make.exe: *** [cmTC_439d7/fast] Error 2
    
    

  

  CMake will not be able to correctly generate this project.
Call Stack (most recent call first):
  CMakeLists.txt


CMake Warning (dev) in CMakeLists.txt:
-- Configuring incomplete, errors occurred!
  No cmake_minimum_required command is present.  A line of code such as

    cmake_minimum_required(VERSION 3.30)

  should be added at the top of the file.  The version specified may be lower
  if you wish to support older CMake versions for this project.  For more
  information run "cmake --help-policy CMP0000".
This warning is for project developers.  Use -Wno-dev to suppress it.

cmake --build . --target all
mingw32-make.exe: Makefile: No such file or directory
mingw32-make.exe: *** No rule to make target 'Makefile'.  Stop.
Build complete (1 errors, 0 warnings): D:\File_dai_hoc_UIT\Thuc_Tap_FSOFT\INTERN_PROJECT\esp32_to_stm32\main\build\default
Configuring in: D:\File_dai_hoc_UIT\Thuc_Tap_FSOFT\INTERN_PROJECT\esp32_to_stm32\main\build\default
cmake -G MinGW Makefiles -DCMAKE_EXPORT_COMPILE_COMMANDS=ON D:\File_dai_hoc_UIT\Thuc_Tap_FSOFT\INTERN_PROJECT\esp32_to_stm32\main
CMake Warning (dev) in CMakeLists.txt:
  No project() command is present.  The top-level CMakeLists.txt file must
  contain a literal, direct call to the project() command.  Add a line of
  code such as

    project(ProjectName)

  near the top of the file, but after cmake_minimum_required().

  CMake is pretending there is a "project(Project)" command on the first
  line.
This warning is for project developers.  Use -Wno-dev to suppress it.

CMake Warning (dev) in CMakeLists.txt:
  cmake_minimum_required() should be called prior to this top-level project()
  call.  Please see the cmake-commands(7) manual for usage documentation of
  both commands.
This warning is for project developers.  Use -Wno-dev to suppress it.

-- The C compiler identification is Clang 18.1.2
-- The CXX compiler identification is Clang 18.1.2
-- Detecting C compiler ABI info
-- Detecting C compiler ABI info - failed
-- Check for working C compiler: D:/Espressif/Espressif/tools/esp-clang/esp-18.1.2_20240912/esp-clang/bin/clang.exe
-- Check for working C compiler: D:/Espressif/Espressif/tools/esp-clang/esp-18.1.2_20240912/esp-clang/bin/clang.exe - broken
CMake Error at D:/Espressif/Espressif/tools/cmake/3.30.2/share/cmake-3.30/Modules/CMakeTestCCompiler.cmake:67 (message):
  The C compiler

    "D:/Espressif/Espressif/tools/esp-clang/esp-18.1.2_20240912/esp-clang/bin/clang.exe"

  is not able to compile a simple test program.

  It fails with the following output:

    Change Dir: 'D:/File_dai_hoc_UIT/Thuc_Tap_FSOFT/INTERN_PROJECT/esp32_to_stm32/main/build/default/CMakeFiles/CMakeScratch/TryCompile-cssa6l'
    
    Run Build Command(s): D:/Espressif/Espressif/tools/cmake/3.30.2/bin/cmake.exe -E env VERBOSE=1 C:/MinGW/bin/mingw32-make.exe -f Makefile cmTC_ffd4b/fast
    C:/MinGW/bin/mingw32-make.exe  -f CMakeFiles\cmTC_ffd4b.dir\build.make CMakeFiles/cmTC_ffd4b.dir/build
    mingw32-make.exe[1]: Entering directory 'D:/File_dai_hoc_UIT/Thuc_Tap_FSOFT/INTERN_PROJECT/esp32_to_stm32/main/build/default/CMakeFiles/CMakeScratch/TryCompile-cssa6l'
    Building C object CMakeFiles/cmTC_ffd4b.dir/testCCompiler.c.obj
    D:\Espressif\Espressif\tools\esp-clang\esp-18.1.2_20240912\esp-clang\bin\clang.exe    -MD -MT CMakeFiles/cmTC_ffd4b.dir/testCCompiler.c.obj -MF CMakeFiles\cmTC_ffd4b.dir\testCCompiler.c.obj.d -o CMakeFiles\cmTC_ffd4b.dir\testCCompiler.c.obj -c D:\File_dai_hoc_UIT\Thuc_Tap_FSOFT\INTERN_PROJECT\esp32_to_stm32\main\build\default\CMakeFiles\CMakeScratch\TryCompile-cssa6l\testCCompiler.c
    Linking C executable cmTC_ffd4b.exe
    D:\Espressif\Espressif\tools\cmake\3.30.2\bin\cmake.exe -E cmake_link_script CMakeFiles\cmTC_ffd4b.dir\link.txt --verbose=1
    D:\Espressif\Espressif\tools\cmake\3.30.2\bin\cmake.exe -E rm -f CMakeFiles\cmTC_ffd4b.dir/objects.a
    D:\Espressif\Espressif\tools\esp-clang\esp-18.1.2_20240912\esp-clang\bin\llvm-ar.exe qc CMakeFiles\cmTC_ffd4b.dir/objects.a @CMakeFiles\cmTC_ffd4b.dir\objects1.rsp
    D:\Espressif\Espressif\tools\esp-clang\esp-18.1.2_20240912\esp-clang\bin\clang.exe -Wl,--whole-archive CMakeFiles\cmTC_ffd4b.dir/objects.a -Wl,--no-whole-archive -o cmTC_ffd4b.exe -Wl,--out-implib,libcmTC_ffd4b.dll.a -Wl,--major-image-version,0,--minor-image-version,0 @CMakeFiles\cmTC_ffd4b.dir\linkLibs.rsp
    ld.lld: error: unknown argument '--major-image-version'
    ld.lld: error: unknown argument '--minor-image-version'
    ld.lld: error: cannot open 0: No such file or directory
    ld.lld: error: cannot open 0: No such file or directory
    ld.lld: error: unable to find library -lkernel32
    ld.lld: error: unable to find library -luser32
    ld.lld: error: unable to find library -lgdi32
    ld.lld: error: unable to find library -lwinspool
    ld.lld: error: unable to find library -lshell32
    ld.lld: error: unable to find library -lole32
    ld.lld: error: unable to find library -loleaut32
    ld.lld: error: unable to find library -luuid
    ld.lld: error: unable to find library -lcomdlg32
    ld.lld: error: unable to find library -ladvapi32
    clang: error: ld command failed with exit code 1 (use -v to see invocation)
    CMakeFiles\cmTC_ffd4b.dir\build.make:100: recipe for target 'cmTC_ffd4b.exe' failed
    mingw32-make.exe[1]: *** [cmTC_ffd4b.exe] Error 1
    mingw32-make.exe[1]: Leaving directory 'D:/File_dai_hoc_UIT/Thuc_Tap_FSOFT/INTERN_PROJECT/esp32_to_stm32/main/build/default/CMakeFiles/CMakeScratch/TryCompile-cssa6l'
    Makefile:126: recipe for target 'cmTC_ffd4b/fast' failed
    mingw32-make.exe: *** [cmTC_ffd4b/fast] Error 2
    
    

  

  CMake will not be able to correctly generate this project.
Call Stack (most recent call first):
  CMakeLists.txt

-- Configuring incomplete, errors occurred!

CMake Warning (dev) in CMakeLists.txt:
  No cmake_minimum_required command is present.  A line of code such as

    cmake_minimum_required(VERSION 3.30)

  should be added at the top of the file.  The version specified may be lower
  if you wish to support older CMake versions for this project.  For more
  information run "cmake --help-policy CMP0000".
This warning is for project developers.  Use -Wno-dev to suppress it.

cmake --build . --target all
mingw32-make.exe: Makefile: No such file or directory
mingw32-make.exe: *** No rule to make target 'Makefile'.  Stop.
Build complete (1 errors, 0 warnings): D:\File_dai_hoc_UIT\Thuc_Tap_FSOFT\INTERN_PROJECT\esp32_to_stm32\main\build\default
Configuring in: D:\File_dai_hoc_UIT\Thuc_Tap_FSOFT\INTERN_PROJECT\esp32_to_stm32\main\build\default
cmake -G MinGW Makefiles -DCMAKE_EXPORT_COMPILE_COMMANDS=ON D:\File_dai_hoc_UIT\Thuc_Tap_FSOFT\INTERN_PROJECT\esp32_to_stm32\main
-- The C compiler identification is Clang 18.1.2
-- The CXX compiler identification is Clang 18.1.2
-- Detecting C compiler ABI info
-- Detecting C compiler ABI info - failed
-- Check for working C compiler: D:/Espressif/Espressif/tools/esp-clang/esp-18.1.2_20240912/esp-clang/bin/clang.exe
-- Check for working C compiler: D:/Espressif/Espressif/tools/esp-clang/esp-18.1.2_20240912/esp-clang/bin/clang.exe - broken
CMake Error at D:/Espressif/Espressif/tools/cmake/3.30.2/share/cmake-3.30/Modules/CMakeTestCCompiler.cmake:67 (message):
  The C compiler

    "D:/Espressif/Espressif/tools/esp-clang/esp-18.1.2_20240912/esp-clang/bin/clang.exe"

  is not able to compile a simple test program.

  It fails with the following output:

    Change Dir: 'D:/File_dai_hoc_UIT/Thuc_Tap_FSOFT/INTERN_PROJECT/esp32_to_stm32/main/build/default/CMakeFiles/CMakeScratch/TryCompile-36y9pa'
    
    Run Build Command(s): D:/Espressif/Espressif/tools/cmake/3.30.2/bin/cmake.exe -E env VERBOSE=1 C:/MinGW/bin/mingw32-make.exe -f Makefile cmTC_d1b80/fast
    C:/MinGW/bin/mingw32-make.exe  -f CMakeFiles\cmTC_d1b80.dir\build.make CMakeFiles/cmTC_d1b80.dir/build
    mingw32-make.exe[1]: Entering directory 'D:/File_dai_hoc_UIT/Thuc_Tap_FSOFT/INTERN_PROJECT/esp32_to_stm32/main/build/default/CMakeFiles/CMakeScratch/TryCompile-36y9pa'
    Building C object CMakeFiles/cmTC_d1b80.dir/testCCompiler.c.obj
    D:\Espressif\Espressif\tools\esp-clang\esp-18.1.2_20240912\esp-clang\bin\clang.exe    -MD -MT CMakeFiles/cmTC_d1b80.dir/testCCompiler.c.obj -MF CMakeFiles\cmTC_d1b80.dir\testCCompiler.c.obj.d -o CMakeFiles\cmTC_d1b80.dir\testCCompiler.c.obj -c D:\File_dai_hoc_UIT\Thuc_Tap_FSOFT\INTERN_PROJECT\esp32_to_stm32\main\build\default\CMakeFiles\CMakeScratch\TryCompile-36y9pa\testCCompiler.c
    Linking C executable cmTC_d1b80.exe
    D:\Espressif\Espressif\tools\cmake\3.30.2\bin\cmake.exe -E cmake_link_script CMakeFiles\cmTC_d1b80.dir\link.txt --verbose=1
    D:\Espressif\Espressif\tools\cmake\3.30.2\bin\cmake.exe -E rm -f CMakeFiles\cmTC_d1b80.dir/objects.a
    D:\Espressif\Espressif\tools\esp-clang\esp-18.1.2_20240912\esp-clang\bin\llvm-ar.exe qc CMakeFiles\cmTC_d1b80.dir/objects.a @CMakeFiles\cmTC_d1b80.dir\objects1.rsp
    D:\Espressif\Espressif\tools\esp-clang\esp-18.1.2_20240912\esp-clang\bin\clang.exe -Wl,--whole-archive CMakeFiles\cmTC_d1b80.dir/objects.a -Wl,--no-whole-archive -o cmTC_d1b80.exe -Wl,--out-implib,libcmTC_d1b80.dll.a -Wl,--major-image-version,0,--minor-image-version,0 @CMakeFiles\cmTC_d1b80.dir\linkLibs.rsp
    ld.lld: error: unknown argument '--major-image-version'
    ld.lld: error: unknown argument '--minor-image-version'
    ld.lld: error: cannot open 0: No such file or directory
    ld.lld: error: cannot open 0: No such file or directory
    ld.lld: error: unable to find library -lkernel32
    ld.lld: error: unable to find library -luser32
    ld.lld: error: unable to find library -lgdi32
    ld.lld: error: unable to find library -lwinspool
    ld.lld: error: unable to find library -lshell32
    ld.lld: error: unable to find library -lole32
    ld.lld: error: unable to find library -loleaut32
    ld.lld: error: unable to find library -luuid
    ld.lld: error: unable to find library -lcomdlg32
    ld.lld: error: unable to find library -ladvapi32
    clang: error: ld command failed with exit code 1 (use -v to see invocation)
    CMakeFiles\cmTC_d1b80.dir\build.make:100: recipe for target 'cmTC_d1b80.exe' failed
    mingw32-make.exe[1]: *** [cmTC_d1b80.exe] Error 1
    mingw32-make.exe[1]: Leaving directory 'D:/File_dai_hoc_UIT/Thuc_Tap_FSOFT/INTERN_PROJECT/esp32_to_stm32/main/build/default/CMakeFiles/CMakeScratch/TryCompile-36y9pa'
    Makefile:126: recipe for target 'cmTC_d1b80/fast' failed
    mingw32-make.exe: *** [cmTC_d1b80/fast] Error 2
    
    

  

  CMake will not be able to correctly generate this project.
Call Stack (most recent call first):
-- Configuring incomplete, errors occurred!
  CMakeLists.txt:2 (project)


cmake --build . --target all
mingw32-make.exe: Makefile: No such file or directory
mingw32-make.exe: *** No rule to make target 'Makefile'.  Stop.
Build complete (1 errors, 0 warnings): D:\File_dai_hoc_UIT\Thuc_Tap_FSOFT\INTERN_PROJECT\esp32_to_stm32\main\build\default
Configuring in: D:\File_dai_hoc_UIT\Thuc_Tap_FSOFT\INTERN_PROJECT\esp32_to_stm32\main\build\default
cmake -G MinGW Makefiles -DCMAKE_EXPORT_COMPILE_COMMANDS=ON D:\File_dai_hoc_UIT\Thuc_Tap_FSOFT\INTERN_PROJECT\esp32_to_stm32\main
-- The C compiler identification is Clang 18.1.2
-- The CXX compiler identification is Clang 18.1.2
-- Detecting C compiler ABI info
-- Detecting C compiler ABI info - failed
-- Check for working C compiler: D:/Espressif/Espressif/tools/esp-clang/esp-18.1.2_20240912/esp-clang/bin/clang.exe
-- Check for working C compiler: D:/Espressif/Espressif/tools/esp-clang/esp-18.1.2_20240912/esp-clang/bin/clang.exe - broken
CMake Error at D:/Espressif/Espressif/tools/cmake/3.30.2/share/cmake-3.30/Modules/CMakeTestCCompiler.cmake:67 (message):
  The C compiler

    "D:/Espressif/Espressif/tools/esp-clang/esp-18.1.2_20240912/esp-clang/bin/clang.exe"

  is not able to compile a simple test program.

  It fails with the following output:

    Change Dir: 'D:/File_dai_hoc_UIT/Thuc_Tap_FSOFT/INTERN_PROJECT/esp32_to_stm32/main/build/default/CMakeFiles/CMakeScratch/TryCompile-eo9avc'
    
    Run Build Command(s): D:/Espressif/Espressif/tools/cmake/3.30.2/bin/cmake.exe -E env VERBOSE=1 C:/MinGW/bin/mingw32-make.exe -f Makefile cmTC_0de61/fast
    C:/MinGW/bin/mingw32-make.exe  -f CMakeFiles\cmTC_0de61.dir\build.make CMakeFiles/cmTC_0de61.dir/build
    mingw32-make.exe[1]: Entering directory 'D:/File_dai_hoc_UIT/Thuc_Tap_FSOFT/INTERN_PROJECT/esp32_to_stm32/main/build/default/CMakeFiles/CMakeScratch/TryCompile-eo9avc'
    Building C object CMakeFiles/cmTC_0de61.dir/testCCompiler.c.obj
    D:\Espressif\Espressif\tools\esp-clang\esp-18.1.2_20240912\esp-clang\bin\clang.exe    -MD -MT CMakeFiles/cmTC_0de61.dir/testCCompiler.c.obj -MF CMakeFiles\cmTC_0de61.dir\testCCompiler.c.obj.d -o CMakeFiles\cmTC_0de61.dir\testCCompiler.c.obj -c D:\File_dai_hoc_UIT\Thuc_Tap_FSOFT\INTERN_PROJECT\esp32_to_stm32\main\build\default\CMakeFiles\CMakeScratch\TryCompile-eo9avc\testCCompiler.c
    Linking C executable cmTC_0de61.exe
    D:\Espressif\Espressif\tools\cmake\3.30.2\bin\cmake.exe -E cmake_link_script CMakeFiles\cmTC_0de61.dir\link.txt --verbose=1
    D:\Espressif\Espressif\tools\cmake\3.30.2\bin\cmake.exe -E rm -f CMakeFiles\cmTC_0de61.dir/objects.a
    D:\Espressif\Espressif\tools\esp-clang\esp-18.1.2_20240912\esp-clang\bin\llvm-ar.exe qc CMakeFiles\cmTC_0de61.dir/objects.a @CMakeFiles\cmTC_0de61.dir\objects1.rsp
    D:\Espressif\Espressif\tools\esp-clang\esp-18.1.2_20240912\esp-clang\bin\clang.exe -Wl,--whole-archive CMakeFiles\cmTC_0de61.dir/objects.a -Wl,--no-whole-archive -o cmTC_0de61.exe -Wl,--out-implib,libcmTC_0de61.dll.a -Wl,--major-image-version,0,--minor-image-version,0 @CMakeFiles\cmTC_0de61.dir\linkLibs.rsp
    ld.lld: error: unknown argument '--major-image-version'
    ld.lld: error: unknown argument '--minor-image-version'
    ld.lld: error: cannot open 0: No such file or directory
    ld.lld: error: cannot open 0: No such file or directory
    ld.lld: error: unable to find library -lkernel32
    ld.lld: error: unable to find library -luser32
    ld.lld: error: unable to find library -lgdi32
    ld.lld: error: unable to find library -lwinspool
    ld.lld: error: unable to find library -lshell32
    ld.lld: error: unable to find library -lole32
    ld.lld: error: unable to find library -loleaut32
    ld.lld: error: unable to find library -luuid
    ld.lld: error: unable to find library -lcomdlg32
    ld.lld: error: unable to find library -ladvapi32
    clang: error: ld command failed with exit code 1 (use -v to see invocation)
    CMakeFiles\cmTC_0de61.dir\build.make:100: recipe for target 'cmTC_0de61.exe' failed
    mingw32-make.exe[1]: *** [cmTC_0de61.exe] Error 1
    mingw32-make.exe[1]: Leaving directory 'D:/File_dai_hoc_UIT/Thuc_Tap_FSOFT/INTERN_PROJECT/esp32_to_stm32/main/build/default/CMakeFiles/CMakeScratch/TryCompile-eo9avc'
    Makefile:126: recipe for target 'cmTC_0de61/fast' failed
    mingw32-make.exe: *** [cmTC_0de61/fast] Error 2
    
    

  

  CMake will not be able to correctly generate this project.
Call Stack (most recent call first):
  CMakeLists.txt:2 (project)
-- Configuring incomplete, errors occurred!


cmake --build . --target all
mingw32-make.exe: Makefile: No such file or directory
mingw32-make.exe: *** No rule to make target 'Makefile'.  Stop.
Build complete (1 errors, 0 warnings): D:\File_dai_hoc_UIT\Thuc_Tap_FSOFT\INTERN_PROJECT\esp32_to_stm32\main\build\default
Configuring in: D:\File_dai_hoc_UIT\Thuc_Tap_FSOFT\INTERN_PROJECT\esp32_to_stm32\main\build\default
cmake -G MinGW Makefiles -DCMAKE_EXPORT_COMPILE_COMMANDS=ON D:\File_dai_hoc_UIT\Thuc_Tap_FSOFT\INTERN_PROJECT\esp32_to_stm32\main
-- The C compiler identification is Clang 18.1.2
-- The CXX compiler identification is Clang 18.1.2
-- Detecting C compiler ABI info
-- Detecting C compiler ABI info - failed
-- Check for working C compiler: D:/Espressif/Espressif/tools/esp-clang/esp-18.1.2_20240912/esp-clang/bin/clang.exe
-- Check for working C compiler: D:/Espressif/Espressif/tools/esp-clang/esp-18.1.2_20240912/esp-clang/bin/clang.exe - broken
CMake Error at D:/Espressif/Espressif/tools/cmake/3.30.2/share/cmake-3.30/Modules/CMakeTestCCompiler.cmake:67 (message):
  The C compiler

    "D:/Espressif/Espressif/tools/esp-clang/esp-18.1.2_20240912/esp-clang/bin/clang.exe"

  is not able to compile a simple test program.

  It fails with the following output:

    Change Dir: 'D:/File_dai_hoc_UIT/Thuc_Tap_FSOFT/INTERN_PROJECT/esp32_to_stm32/main/build/default/CMakeFiles/CMakeScratch/TryCompile-9xfefo'
    
    Run Build Command(s): D:/Espressif/Espressif/tools/cmake/3.30.2/bin/cmake.exe -E env VERBOSE=1 C:/MinGW/bin/mingw32-make.exe -f Makefile cmTC_cb7cc/fast
    C:/MinGW/bin/mingw32-make.exe  -f CMakeFiles\cmTC_cb7cc.dir\build.make CMakeFiles/cmTC_cb7cc.dir/build
    mingw32-make.exe[1]: Entering directory 'D:/File_dai_hoc_UIT/Thuc_Tap_FSOFT/INTERN_PROJECT/esp32_to_stm32/main/build/default/CMakeFiles/CMakeScratch/TryCompile-9xfefo'
    Building C object CMakeFiles/cmTC_cb7cc.dir/testCCompiler.c.obj
    D:\Espressif\Espressif\tools\esp-clang\esp-18.1.2_20240912\esp-clang\bin\clang.exe    -MD -MT CMakeFiles/cmTC_cb7cc.dir/testCCompiler.c.obj -MF CMakeFiles\cmTC_cb7cc.dir\testCCompiler.c.obj.d -o CMakeFiles\cmTC_cb7cc.dir\testCCompiler.c.obj -c D:\File_dai_hoc_UIT\Thuc_Tap_FSOFT\INTERN_PROJECT\esp32_to_stm32\main\build\default\CMakeFiles\CMakeScratch\TryCompile-9xfefo\testCCompiler.c
    Linking C executable cmTC_cb7cc.exe
    D:\Espressif\Espressif\tools\cmake\3.30.2\bin\cmake.exe -E cmake_link_script CMakeFiles\cmTC_cb7cc.dir\link.txt --verbose=1
    D:\Espressif\Espressif\tools\cmake\3.30.2\bin\cmake.exe -E rm -f CMakeFiles\cmTC_cb7cc.dir/objects.a
    D:\Espressif\Espressif\tools\esp-clang\esp-18.1.2_20240912\esp-clang\bin\llvm-ar.exe qc CMakeFiles\cmTC_cb7cc.dir/objects.a @CMakeFiles\cmTC_cb7cc.dir\objects1.rsp
    D:\Espressif\Espressif\tools\esp-clang\esp-18.1.2_20240912\esp-clang\bin\clang.exe -Wl,--whole-archive CMakeFiles\cmTC_cb7cc.dir/objects.a -Wl,--no-whole-archive -o cmTC_cb7cc.exe -Wl,--out-implib,libcmTC_cb7cc.dll.a -Wl,--major-image-version,0,--minor-image-version,0 @CMakeFiles\cmTC_cb7cc.dir\linkLibs.rsp
    ld.lld: error: unknown argument '--major-image-version'
    ld.lld: error: unknown argument '--minor-image-version'
    ld.lld: error: cannot open 0: No such file or directory
    ld.lld: error: cannot open 0: No such file or directory
    ld.lld: error: unable to find library -lkernel32
    ld.lld: error: unable to find library -luser32
    ld.lld: error: unable to find library -lgdi32
    ld.lld: error: unable to find library -lwinspool
    ld.lld: error: unable to find library -lshell32
    ld.lld: error: unable to find library -lole32
    ld.lld: error: unable to find library -loleaut32
    ld.lld: error: unable to find library -luuid
    ld.lld: error: unable to find library -lcomdlg32
    ld.lld: error: unable to find library -ladvapi32
    clang: error: ld command failed with exit code 1 (use -v to see invocation)
    CMakeFiles\cmTC_cb7cc.dir\build.make:100: recipe for target 'cmTC_cb7cc.exe' failed
    mingw32-make.exe[1]: *** [cmTC_cb7cc.exe] Error 1
    mingw32-make.exe[1]: Leaving directory 'D:/File_dai_hoc_UIT/Thuc_Tap_FSOFT/INTERN_PROJECT/esp32_to_stm32/main/build/default/CMakeFiles/CMakeScratch/TryCompile-9xfefo'
    Makefile:126: recipe for target 'cmTC_cb7cc/fast' failed
    mingw32-make.exe: *** [cmTC_cb7cc/fast] Error 2
    
    

  

  CMake will not be able to correctly generate this project.
Call Stack (most recent call first):
-- Configuring incomplete, errors occurred!
  CMakeLists.txt:2 (project)


cmake --build . --target all
mingw32-make.exe: Makefile: No such file or directory
mingw32-make.exe: *** No rule to make target 'Makefile'.  Stop.
Build complete (1 errors, 0 warnings): D:\File_dai_hoc_UIT\Thuc_Tap_FSOFT\INTERN_PROJECT\esp32_to_stm32\main\build\default
